Traceback (most recent call last):
  File "/home/user/.local/lib/python3.8/site-packages/jupyter_cache/executors/utils.py", line 51, in single_nb_execution
    executenb(
  File "/usr/local/lib/python3.8/dist-packages/nbclient/client.py", line 1082, in execute
    return NotebookClient(nb=nb, resources=resources, km=km, **kwargs).execute()
  File "/usr/local/lib/python3.8/dist-packages/nbclient/util.py", line 74, in wrapped
    return just_run(coro(*args, **kwargs))
  File "/usr/local/lib/python3.8/dist-packages/nbclient/util.py", line 53, in just_run
    return loop.run_until_complete(coro)
  File "/usr/lib/python3.8/asyncio/base_events.py", line 616, in run_until_complete
    return future.result()
  File "/usr/local/lib/python3.8/dist-packages/nbclient/client.py", line 535, in async_execute
    await self.async_execute_cell(
  File "/usr/local/lib/python3.8/dist-packages/nbclient/client.py", line 827, in async_execute_cell
    self._check_raise_for_error(cell, exec_reply)
  File "/usr/local/lib/python3.8/dist-packages/nbclient/client.py", line 735, in _check_raise_for_error
    raise CellExecutionError.from_cell_and_msg(cell, exec_reply['content'])
nbclient.exceptions.CellExecutionError: An error occurred while executing the following cell:
------------------
import numpy as np
import matplotlib.pyplot as plt

# set parameter values
r = 1
K = 100
n_hours = 8
initial_population = 1000

t = np.arange(0, n_hours, 1)
pop = np.zeros(n_hours)
pop[0] = initial_population

pop_X[0] = initial_population

for i in range(n_hours - 1):
    pop[i+1] = pop[i] + pop[i] * r
    
plt.plot(t, pop)
------------------

[0;31m---------------------------------------------------------------------------[0m
[0;31mNameError[0m                                 Traceback (most recent call last)
[0;32m/tmp/ipykernel_2024/3210449894.py[0m in [0;36m<module>[0;34m[0m
[1;32m     12[0m [0mpop[0m[0;34m[[0m[0;36m0[0m[0;34m][0m [0;34m=[0m [0minitial_population[0m[0;34m[0m[0;34m[0m[0m
[1;32m     13[0m [0;34m[0m[0m
[0;32m---> 14[0;31m [0mpop_X[0m[0;34m[[0m[0;36m0[0m[0;34m][0m [0;34m=[0m [0minitial_population[0m[0;34m[0m[0;34m[0m[0m
[0m[1;32m     15[0m [0;34m[0m[0m
[1;32m     16[0m [0;32mfor[0m [0mi[0m [0;32min[0m [0mrange[0m[0;34m([0m[0mn_hours[0m [0;34m-[0m [0;36m1[0m[0;34m)[0m[0;34m:[0m[0;34m[0m[0;34m[0m[0m

[0;31mNameError[0m: name 'pop_X' is not defined
NameError: name 'pop_X' is not defined

